<?xml version="1.0" encoding="UTF-8"?>
<testsuite name="org.example.GradingTest" tests="1" skipped="0" failures="0" errors="0" timestamp="2023-05-29T09:31:15" hostname="localhost" time="0.02">
  <properties/>
  <testcase name="getGrading_negative()" classname="org.example.GradingTest" time="0.02"/>
  <system-out><![CDATA[]]></system-out>
  <system-err><![CDATA[]]></system-err>
</testsuite>
